ERROR [2021-03-22 19:32:35,285] io.dropwizard.serviceRougeResourceImpl: rejected returning 504
ERROR [2021-03-23 03:21:12,115] io.dropwizard.serviceRougeResourceImpl: rejected returning 504
ERROR [2021-03-23 03:31:24,415] io.dropwizard.serviceRougeResourceImpl: rejected returning 504
ERROR [2021-03-23 03:31:27,480] io.dropwizard.serviceRougeResourceImpl: rejected returning 504
ERROR [2021-03-23 03:31:30,639] io.dropwizard.serviceRougeResourceImpl: rejected returning 504
ERROR [2021-03-23 03:31:33,939] io.dropwizard.serviceRougeResourceImpl: rejected returning 504
ERROR [2021-03-23 03:31:37,311] io.dropwizard.serviceRougeResourceImpl: rejected returning 504
ERROR [2021-03-23 03:31:41,391] io.dropwizard.serviceRougeResourceImpl: rejected returning 504
ERROR [2021-03-23 03:31:46,249] io.dropwizard.serviceRougeResourceImpl: rejected returning 504
ERROR [2021-03-23 03:38:35,388] io.dropwizard.serviceRougeResourceImpl: rejected returning 504
ERROR [2021-03-23 03:38:38,634] io.dropwizard.serviceRougeResourceImpl: rejected returning 504
ERROR [2021-03-23 03:38:42,264] io.dropwizard.serviceRougeResourceImpl: rejected returning 504
ERROR [2021-03-23 03:38:44,882] io.dropwizard.serviceRougeResourceImpl: rejected returning 504
INFO  [2021-03-23 03:52:45,174] io.dropwizard.server.DefaultServerFactory: Registering jersey handler with root path prefix: /
INFO  [2021-03-23 03:52:45,177] io.dropwizard.server.DefaultServerFactory: Registering admin handler with root path prefix: /
INFO  [2021-03-23 03:52:45,183] io.dropwizard.serviceRougeResourceImpl: server started
INFO  [2021-03-23 03:52:45,572] io.dropwizard.server.ServerFactory: Starting Sample Service Application
INFO  [2021-03-23 03:52:45,723] org.eclipse.jetty.setuid.SetUIDListener: Opened application@3104f7bd{HTTP/1.1,[http/1.1]}{0.0.0.0:8085}
INFO  [2021-03-23 03:52:45,724] org.eclipse.jetty.setuid.SetUIDListener: Opened admin@67c277a0{HTTP/1.1,[http/1.1]}{0.0.0.0:8081}
INFO  [2021-03-23 03:52:45,726] org.eclipse.jetty.server.Server: jetty-9.4.19.v20190610; built: 2019-06-10T16:30:51.723Z; git: afcf563148970e98786327af5e07c261fda175d3; jvm 11.0.5+10-b520.30
INFO  [2021-03-23 03:52:46,343] io.dropwizard.jersey.DropwizardResourceConfig: The following paths were found for the configured resources:

    GET     /service-walrus/hello (io.dropwizard.serviceRougeResourceImpl)

INFO  [2021-03-23 03:52:46,345] org.eclipse.jetty.server.handler.ContextHandler: Started i.d.j.MutableServletContextHandler@7af1cd63{/,null,AVAILABLE}
INFO  [2021-03-23 03:52:46,350] io.dropwizard.setup.AdminEnvironment: tasks = 

    POST    /tasks/log-level (io.dropwizard.servlets.tasks.LogConfigurationTask)
    POST    /tasks/gc (io.dropwizard.servlets.tasks.GarbageCollectionTask)

WARN  [2021-03-23 03:52:46,351] io.dropwizard.setup.AdminEnvironment: 
!!!!!!!!!!!!!!!!!!!!!!!!!!!!!!!!!!!!!!!!!!!!!!!!!!!!!!!!!!!!!!!!!!!!!!!!!!!!!!!!
!!!!!!!!!!!!!!!!!!!!!!!!!!!!!!!!!!!!!!!!!!!!!!!!!!!!!!!!!!!!!!!!!!!!!!!!!!!!!!!!
!    THIS APPLICATION HAS NO HEALTHCHECKS. THIS MEANS YOU WILL NEVER KNOW      !
!     IF IT DIES IN PRODUCTION, WHICH MEANS YOU WILL NEVER KNOW IF YOU'RE      !
!    LETTING YOUR USERS DOWN. YOU SHOULD ADD A HEALTHCHECK FOR EACH OF YOUR    !
!         APPLICATION'S DEPENDENCIES WHICH FULLY (BUT LIGHTLY) TESTS IT.       !
!!!!!!!!!!!!!!!!!!!!!!!!!!!!!!!!!!!!!!!!!!!!!!!!!!!!!!!!!!!!!!!!!!!!!!!!!!!!!!!!
!!!!!!!!!!!!!!!!!!!!!!!!!!!!!!!!!!!!!!!!!!!!!!!!!!!!!!!!!!!!!!!!!!!!!!!!!!!!!!!!
INFO  [2021-03-23 03:52:46,361] org.eclipse.jetty.server.handler.ContextHandler: Started i.d.j.MutableServletContextHandler@291120f4{/,null,AVAILABLE}
INFO  [2021-03-23 03:52:46,399] org.eclipse.jetty.server.AbstractConnector: Started application@3104f7bd{HTTP/1.1,[http/1.1]}{0.0.0.0:8085}
INFO  [2021-03-23 03:52:46,414] org.eclipse.jetty.server.AbstractConnector: Started admin@67c277a0{HTTP/1.1,[http/1.1]}{0.0.0.0:8081}
INFO  [2021-03-23 03:52:46,414] org.eclipse.jetty.server.Server: Started @3701ms
ERROR [2021-03-23 03:54:41,951] io.dropwizard.serviceRougeResourceImpl: rejected returning 504
ERROR [2021-03-23 03:54:45,998] io.dropwizard.serviceRougeResourceImpl: rejected returning 504
INFO  [2021-03-23 03:59:52,854] io.dropwizard.server.DefaultServerFactory: Registering jersey handler with root path prefix: /
INFO  [2021-03-23 03:59:52,856] io.dropwizard.server.DefaultServerFactory: Registering admin handler with root path prefix: /
INFO  [2021-03-23 03:59:52,861] io.dropwizard.serviceRougeResourceImpl: server started
INFO  [2021-03-23 03:59:53,242] io.dropwizard.server.ServerFactory: Starting Sample Service Application
INFO  [2021-03-23 03:59:53,358] org.eclipse.jetty.setuid.SetUIDListener: Opened application@3104f7bd{HTTP/1.1,[http/1.1]}{0.0.0.0:8085}
INFO  [2021-03-23 03:59:53,359] org.eclipse.jetty.setuid.SetUIDListener: Opened admin@67c277a0{HTTP/1.1,[http/1.1]}{0.0.0.0:8081}
INFO  [2021-03-23 03:59:53,361] org.eclipse.jetty.server.Server: jetty-9.4.19.v20190610; built: 2019-06-10T16:30:51.723Z; git: afcf563148970e98786327af5e07c261fda175d3; jvm 11.0.5+10-b520.30
INFO  [2021-03-23 03:59:53,917] io.dropwizard.jersey.DropwizardResourceConfig: The following paths were found for the configured resources:

    GET     /service-walrus/hello (io.dropwizard.serviceRougeResourceImpl)

INFO  [2021-03-23 03:59:53,919] org.eclipse.jetty.server.handler.ContextHandler: Started i.d.j.MutableServletContextHandler@7af1cd63{/,null,AVAILABLE}
INFO  [2021-03-23 03:59:53,925] io.dropwizard.setup.AdminEnvironment: tasks = 

    POST    /tasks/log-level (io.dropwizard.servlets.tasks.LogConfigurationTask)
    POST    /tasks/gc (io.dropwizard.servlets.tasks.GarbageCollectionTask)

WARN  [2021-03-23 03:59:53,925] io.dropwizard.setup.AdminEnvironment: 
!!!!!!!!!!!!!!!!!!!!!!!!!!!!!!!!!!!!!!!!!!!!!!!!!!!!!!!!!!!!!!!!!!!!!!!!!!!!!!!!
!!!!!!!!!!!!!!!!!!!!!!!!!!!!!!!!!!!!!!!!!!!!!!!!!!!!!!!!!!!!!!!!!!!!!!!!!!!!!!!!
!    THIS APPLICATION HAS NO HEALTHCHECKS. THIS MEANS YOU WILL NEVER KNOW      !
!     IF IT DIES IN PRODUCTION, WHICH MEANS YOU WILL NEVER KNOW IF YOU'RE      !
!    LETTING YOUR USERS DOWN. YOU SHOULD ADD A HEALTHCHECK FOR EACH OF YOUR    !
!         APPLICATION'S DEPENDENCIES WHICH FULLY (BUT LIGHTLY) TESTS IT.       !
!!!!!!!!!!!!!!!!!!!!!!!!!!!!!!!!!!!!!!!!!!!!!!!!!!!!!!!!!!!!!!!!!!!!!!!!!!!!!!!!
!!!!!!!!!!!!!!!!!!!!!!!!!!!!!!!!!!!!!!!!!!!!!!!!!!!!!!!!!!!!!!!!!!!!!!!!!!!!!!!!
INFO  [2021-03-23 03:59:53,938] org.eclipse.jetty.server.handler.ContextHandler: Started i.d.j.MutableServletContextHandler@291120f4{/,null,AVAILABLE}
INFO  [2021-03-23 03:59:53,977] org.eclipse.jetty.server.AbstractConnector: Started application@3104f7bd{HTTP/1.1,[http/1.1]}{0.0.0.0:8085}
INFO  [2021-03-23 03:59:53,995] org.eclipse.jetty.server.AbstractConnector: Started admin@67c277a0{HTTP/1.1,[http/1.1]}{0.0.0.0:8081}
INFO  [2021-03-23 03:59:53,996] org.eclipse.jetty.server.Server: Started @3427ms
ERROR [2021-03-23 04:00:04,221] io.dropwizard.serviceRougeResourceImpl: rejected returning 504
ERROR [2021-03-23 04:02:32,298] io.dropwizard.serviceRougeResourceImpl: rejected returning 504
ERROR [2021-03-23 04:02:35,379] io.dropwizard.serviceRougeResourceImpl: rejected returning 504
ERROR [2021-03-23 04:02:38,748] io.dropwizard.serviceRougeResourceImpl: rejected returning 504
ERROR [2021-03-23 04:02:42,403] io.dropwizard.serviceRougeResourceImpl: rejected returning 504
ERROR [2021-03-23 04:02:46,657] io.dropwizard.serviceRougeResourceImpl: rejected returning 504
ERROR [2021-03-23 04:02:51,831] io.dropwizard.serviceRougeResourceImpl: rejected returning 504
ERROR [2021-03-23 04:02:57,357] io.dropwizard.serviceRougeResourceImpl: rejected returning 504
